#
# There is insufficient memory for the Java Runtime Environment to continue.
# Native memory allocation (malloc) failed to allocate 1893776 bytes for Chunk::new
# Possible reasons:
#   The system is out of physical RAM or swap space
#   In 32 bit mode, the process size limit was hit
# Possible solutions:
#   Reduce memory load on the system
#   Increase physical memory or swap space
#   Check if swap backing store is full
#   Use 64 bit Java on a 64 bit OS
#   Decrease Java heap size (-Xmx/-Xms)
#   Decrease number of Java threads
#   Decrease Java thread stack sizes (-Xss)
#   Set larger code cache with -XX:ReservedCodeCacheSize=
# This output file may be truncated or incomplete.
#
#  Out of Memory Error (allocation.cpp:390), pid=5228, tid=11964
#
# JRE version: Java(TM) SE Runtime Environment (8.0_20-b26) (build 1.8.0_20-b26)
# Java VM: Java HotSpot(TM) 64-Bit Server VM (25.20-b23 mixed mode windows-amd64 compressed oops)
# Failed to write core dump. Minidumps are not enabled by default on client versions of Windows
#

---------------  T H R E A D  ---------------

Current thread (0x00000000569b9000):  JavaThread "C2 CompilerThread2" daemon [_thread_in_native, id=11964, stack(0x0000000058030000,0x0000000058130000)]

Stack: [0x0000000058030000,0x0000000058130000]
[error occurred during error reporting (printing stack bounds), id 0xc0000005]

Native frames: (J=compiled Java code, j=interpreted, Vv=VM code, C=native code)
V  [jvm.dll+0x3152fa]
V  [jvm.dll+0x265d03]
V  [jvm.dll+0x266943]
V  [jvm.dll+0x27f586]
V  [jvm.dll+0x28311c]
V  [jvm.dll+0x5ad52f]
C  [msvcr100.dll+0x712e3]
V  [jvm.dll+0x5acc2d]
C  [ntdll.dll+0x29d2d]
C  [ntdll.dll+0x191cf]
C  [ntdll.dll+0x51248]
V  [jvm.dll+0x205611]


Current CompileTask:
C2:  11976 2768   !   4       com.sun.beans.TypeResolver::resolve (274 bytes)


---------------  P R O C E S S  ---------------

Java Threads: ( => current thread )
  0x000000005dc02800 JavaThread "stdout" [_thread_in_native, id=8196, stack(0x0000000060d90000,0x0000000060e90000)]
  0x000000005dc00000 JavaThread "stderr" [_thread_in_native, id=9400, stack(0x000000005d1b0000,0x000000005d2b0000)]
  0x000000005bbf1800 JavaThread "File lock request listener" [_thread_in_native, id=11576, stack(0x000000005e8e0000,0x000000005e9e0000)]
  0x0000000059673000 JavaThread "Stdin handler" [_thread_blocked, id=5824, stack(0x000000005a8c0000,0x000000005a9c0000)]
  0x0000000059495800 JavaThread "Handler for socket connection at /127.0.0.1:56072 with /127.0.0.1:56073" [_thread_in_native, id=6532, stack(0x0000000059f40000,0x000000005a040000)]
  0x0000000059493000 JavaThread "Daemon" [_thread_blocked, id=11100, stack(0x000000005a6c0000,0x000000005a7c0000)]
  0x00000000594c1000 JavaThread "Incoming local TCP Connector on port 56072" [_thread_in_native, id=7288, stack(0x000000005a2e0000,0x000000005a3e0000)]
  0x0000000056a1a000 JavaThread "Service Thread" daemon [_thread_blocked, id=12284, stack(0x00000000583e0000,0x00000000584e0000)]
  0x00000000569c1800 JavaThread "C1 CompilerThread3" daemon [_thread_blocked, id=9056, stack(0x0000000057dc0000,0x0000000057ec0000)]
=>0x00000000569b9000 JavaThread "C2 CompilerThread2" daemon [_thread_in_native, id=11964, stack(0x0000000058030000,0x0000000058130000)]
  0x00000000569b7800 JavaThread "C2 CompilerThread1" daemon [_thread_in_native, id=2816, stack(0x00000000582d0000,0x00000000583d0000)]
  0x00000000569b3800 JavaThread "C2 CompilerThread0" daemon [_thread_in_native, id=11404, stack(0x0000000058140000,0x0000000058240000)]
  0x00000000569ad000 JavaThread "Attach Listener" daemon [_thread_blocked, id=2448, stack(0x0000000057bb0000,0x0000000057cb0000)]
  0x00000000569ac000 JavaThread "Signal Dispatcher" daemon [_thread_blocked, id=2232, stack(0x0000000057f30000,0x0000000058030000)]
  0x00000000558f9800 JavaThread "Finalizer" daemon [_thread_blocked, id=11688, stack(0x0000000057cc0000,0x0000000057dc0000)]
  0x000000000242f000 JavaThread "Reference Handler" daemon [_thread_blocked, id=9968, stack(0x0000000057950000,0x0000000057a50000)]
  0x000000000246f800 JavaThread "main" [_thread_blocked, id=10732, stack(0x0000000002750000,0x0000000002850000)]

Other Threads:
  0x0000000056963000 VMThread [stack: 0x0000000057a70000,0x0000000057b70000] [id=8148]
  0x0000000056a1b000 WatcherThread [stack: 0x0000000058650000,0x0000000058750000] [id=11136]

VM state:not at safepoint (normal execution)

VM Mutex/Monitor currently owned by a thread: None

Heap:
 PSYoungGen      total 322048K, used 91304K [0x00000000eab00000, 0x0000000100000000, 0x0000000100000000)
  eden space 300032K, 30% used [0x00000000eab00000,0x00000000f042a3a8,0x00000000fd000000)
  from space 22016K, 0% used [0x00000000fea80000,0x00000000fea80000,0x0000000100000000)
  to   space 24576K, 0% used [0x00000000fd000000,0x00000000fd000000,0x00000000fe800000)
 ParOldGen       total 80896K, used 38502K [0x00000000c0000000, 0x00000000c4f00000, 0x00000000eab00000)
  object space 80896K, 47% used [0x00000000c0000000,0x00000000c2599988,0x00000000c4f00000)
 Metaspace       used 41939K, capacity 43675K, committed 43944K, reserved 1087488K
  class space    used 5837K, capacity 6517K, committed 6568K, reserved 1048576K

Card table byte_map: [0x0000000011ee0000,0x00000000120f0000] byte_map_base: 0x00000000118e0000

Marking Bits: (ParMarkBitMap*) 0x000000006217b460
 Begin Bits: [0x0000000012d10000, 0x0000000013d10000)
 End Bits:   [0x0000000013d10000, 0x0000000014d10000)

Polling page: 0x0000000000140000

CodeCache: size=245760Kb used=16337Kb max_used=16358Kb free=229422Kb
 bounds [0x0000000002b20000, 0x0000000003b30000, 0x0000000011b20000]
 total_blobs=5249 nmethods=4572 adapters=589
 compilation: enabled

Compilation events (10 events):
Event: 11.608 Thread 0x00000000569c1800 4841       3       org.codehaus.groovy.runtime.metaclass.ClosureMetaClass::unwrap (36 bytes)
Event: 11.608 Thread 0x00000000569c1800 nmethod 4841 0x0000000003b0f610 code [0x0000000003b0f7a0, 0x0000000003b0fdc8]
Event: 11.750 Thread 0x00000000569b7800 nmethod 4766 0x0000000003b187d0 code [0x0000000003b18f00, 0x0000000003b1e8e0]
Event: 11.750 Thread 0x00000000569b7800 4839       4       org.codehaus.groovy.util.LazyReference::get (44 bytes)
Event: 11.759 Thread 0x00000000569b7800 nmethod 4839 0x0000000003b13ad0 code [0x0000000003b13ca0, 0x0000000003b14668]
Event: 11.759 Thread 0x00000000569b7800 4809       4       java.io.ObjectOutputStream$BlockDataOutputStream::writeBytes (144 bytes)
Event: 11.765 Thread 0x00000000569b7800 nmethod 4809 0x0000000003b13250 code [0x0000000003b133a0, 0x0000000003b13788]
Event: 11.765 Thread 0x00000000569b7800 4812       4       org.gradle.internal.service.DefaultServiceRegistry$OwnServices::getService (265 bytes)
Event: 11.775 Thread 0x00000000569b7800 nmethod 4812 0x0000000003b155d0 code [0x0000000003b15760, 0x0000000003b15e48]
Event: 11.775 Thread 0x00000000569b7800 4824   !   4       java.util.Formatter::format (271 bytes)

GC Heap History (10 events):
Event: 6.027 GC heap before
{Heap before GC invocations=6 (full 1):
 PSYoungGen      total 102400K, used 4064K [0x00000000eab00000, 0x00000000f8300000, 0x0000000100000000)
  eden space 98304K, 0% used [0x00000000eab00000,0x00000000eab00000,0x00000000f0b00000)
  from space 4096K, 99% used [0x00000000f0b00000,0x00000000f0ef8020,0x00000000f0f00000)
  to   space 12288K, 0% used [0x00000000f7700000,0x00000000f7700000,0x00000000f8300000)
 ParOldGen       total 65536K, used 12490K [0x00000000c0000000, 0x00000000c4000000, 0x00000000eab00000)
  object space 65536K, 19% used [0x00000000c0000000,0x00000000c0c32ab0,0x00000000c4000000)
 Metaspace       used 20834K, capacity 21216K, committed 21296K, reserved 1067008K
  class space    used 2789K, capacity 2915K, committed 2944K, reserved 1048576K
Event: 6.076 GC heap after
Heap after GC invocations=6 (full 1):
 PSYoungGen      total 102400K, used 0K [0x00000000eab00000, 0x00000000f8300000, 0x0000000100000000)
  eden space 98304K, 0% used [0x00000000eab00000,0x00000000eab00000,0x00000000f0b00000)
  from space 4096K, 0% used [0x00000000f0b00000,0x00000000f0b00000,0x00000000f0f00000)
  to   space 12288K, 0% used [0x00000000f7700000,0x00000000f7700000,0x00000000f8300000)
 ParOldGen       total 42496K, used 8862K [0x00000000c0000000, 0x00000000c2980000, 0x00000000eab00000)
  object space 42496K, 20% used [0x00000000c0000000,0x00000000c08a7b10,0x00000000c2980000)
 Metaspace       used 20833K, capacity 21214K, committed 21296K, reserved 1067008K
  class space    used 2788K, capacity 2914K, committed 2944K, reserved 1048576K
}
Event: 7.271 GC heap before
{Heap before GC invocations=7 (full 1):
 PSYoungGen      total 102400K, used 98304K [0x00000000eab00000, 0x00000000f8300000, 0x0000000100000000)
  eden space 98304K, 100% used [0x00000000eab00000,0x00000000f0b00000,0x00000000f0b00000)
  from space 4096K, 0% used [0x00000000f0b00000,0x00000000f0b00000,0x00000000f0f00000)
  to   space 12288K, 0% used [0x00000000f7700000,0x00000000f7700000,0x00000000f8300000)
 ParOldGen       total 42496K, used 8862K [0x00000000c0000000, 0x00000000c2980000, 0x00000000eab00000)
  object space 42496K, 20% used [0x00000000c0000000,0x00000000c08a7b10,0x00000000c2980000)
 Metaspace       used 27606K, capacity 28386K, committed 28672K, reserved 1073152K
  class space    used 3687K, capacity 3997K, committed 4096K, reserved 1048576K
Event: 7.280 GC heap after
Heap after GC invocations=7 (full 1):
 PSYoungGen      total 203776K, used 10783K [0x00000000eab00000, 0x00000000f8200000, 0x0000000100000000)
  eden space 192512K, 0% used [0x00000000eab00000,0x00000000eab00000,0x00000000f6700000)
  from space 11264K, 95% used [0x00000000f7700000,0x00000000f8187d70,0x00000000f8200000)
  to   space 13824K, 0% used [0x00000000f6700000,0x00000000f6700000,0x00000000f7480000)
 ParOldGen       total 42496K, used 8934K [0x00000000c0000000, 0x00000000c2980000, 0x00000000eab00000)
  object space 42496K, 21% used [0x00000000c0000000,0x00000000c08b9b20,0x00000000c2980000)
 Metaspace       used 27606K, capacity 28386K, committed 28672K, reserved 1073152K
  class space    used 3687K, capacity 3997K, committed 4096K, reserved 1048576K
}
Event: 8.869 GC heap before
{Heap before GC invocations=8 (full 1):
 PSYoungGen      total 203776K, used 203295K [0x00000000eab00000, 0x00000000f8200000, 0x0000000100000000)
  eden space 192512K, 100% used [0x00000000eab00000,0x00000000f6700000,0x00000000f6700000)
  from space 11264K, 95% used [0x00000000f7700000,0x00000000f8187d70,0x00000000f8200000)
  to   space 13824K, 0% used [0x00000000f6700000,0x00000000f6700000,0x00000000f7480000)
 ParOldGen       total 42496K, used 8934K [0x00000000c0000000, 0x00000000c2980000, 0x00000000eab00000)
  object space 42496K, 21% used [0x00000000c0000000,0x00000000c08b9b20,0x00000000c2980000)
 Metaspace       used 32980K, capacity 34156K, committed 34304K, reserved 1079296K
  class space    used 4619K, capacity 5102K, committed 5120K, reserved 1048576K
Event: 9.277 GC heap after
Heap after GC invocations=8 (full 1):
 PSYoungGen      total 206336K, used 13812K [0x00000000eab00000, 0x0000000100000000, 0x0000000100000000)
  eden space 192512K, 0% used [0x00000000eab00000,0x00000000eab00000,0x00000000f6700000)
  from space 13824K, 99% used [0x00000000f6700000,0x00000000f747d010,0x00000000f7480000)
  to   space 22016K, 0% used [0x00000000fea80000,0x00000000fea80000,0x0000000100000000)
 ParOldGen       total 42496K, used 20582K [0x00000000c0000000, 0x00000000c2980000, 0x00000000eab00000)
  object space 42496K, 48% used [0x00000000c0000000,0x00000000c1419828,0x00000000c2980000)
 Metaspace       used 32980K, capacity 34156K, committed 34304K, reserved 1079296K
  class space    used 4619K, capacity 5102K, committed 5120K, reserved 1048576K
}
Event: 9.629 GC heap before
{Heap before GC invocations=9 (full 1):
 PSYoungGen      total 206336K, used 51512K [0x00000000eab00000, 0x0000000100000000, 0x0000000100000000)
  eden space 192512K, 19% used [0x00000000eab00000,0x00000000ecfd12c0,0x00000000f6700000)
  from space 13824K, 99% used [0x00000000f6700000,0x00000000f747d010,0x00000000f7480000)
  to   space 22016K, 0% used [0x00000000fea80000,0x00000000fea80000,0x0000000100000000)
 ParOldGen       total 42496K, used 20582K [0x00000000c0000000, 0x00000000c2980000, 0x00000000eab00000)
  object space 42496K, 48% used [0x00000000c0000000,0x00000000c1419828,0x00000000c2980000)
 Metaspace       used 34152K, capacity 35430K, committed 35496K, reserved 1079296K
  class space    used 4802K, capacity 5266K, committed 5288K, reserved 1048576K
Event: 9.660 GC heap after
Heap after GC invocations=9 (full 1):
 PSYoungGen      total 322048K, used 18680K [0x00000000eab00000, 0x0000000100000000, 0x0000000100000000)
  eden space 300032K, 0% used [0x00000000eab00000,0x00000000eab00000,0x00000000fd000000)
  from space 22016K, 84% used [0x00000000fea80000,0x00000000ffcbe210,0x0000000100000000)
  to   space 24576K, 0% used [0x00000000fd000000,0x00000000fd000000,0x00000000fe800000)
 ParOldGen       total 42496K, used 20590K [0x00000000c0000000, 0x00000000c2980000, 0x00000000eab00000)
  object space 42496K, 48% used [0x00000000c0000000,0x00000000c141b828,0x00000000c2980000)
 Metaspace       used 34152K, capacity 35430K, committed 35496K, reserved 1079296K
  class space    used 4802K, capacity 5266K, committed 5288K, reserved 1048576K
}
Event: 9.660 GC heap before
{Heap before GC invocations=10 (full 2):
 PSYoungGen      total 322048K, used 18680K [0x00000000eab00000, 0x0000000100000000, 0x0000000100000000)
  eden space 300032K, 0% used [0x00000000eab00000,0x00000000eab00000,0x00000000fd000000)
  from space 22016K, 84% used [0x00000000fea80000,0x00000000ffcbe210,0x0000000100000000)
  to   space 24576K, 0% used [0x00000000fd000000,0x00000000fd000000,0x00000000fe800000)
 ParOldGen       total 42496K, used 20590K [0x00000000c0000000, 0x00000000c2980000, 0x00000000eab00000)
  object space 42496K, 48% used [0x00000000c0000000,0x00000000c141b828,0x00000000c2980000)
 Metaspace       used 34152K, capacity 35430K, committed 35496K, reserved 1079296K
  class space    used 4802K, capacity 5266K, committed 5288K, reserved 1048576K
Event: 9.919 GC heap after
Heap after GC invocations=10 (full 2):
 PSYoungGen      total 322048K, used 0K [0x00000000eab00000, 0x0000000100000000, 0x0000000100000000)
  eden space 300032K, 0% used [0x00000000eab00000,0x00000000eab00000,0x00000000fd000000)
  from space 22016K, 0% used [0x00000000fea80000,0x00000000fea80000,0x0000000100000000)
  to   space 24576K, 0% used [0x00000000fd000000,0x00000000fd000000,0x00000000fe800000)
 ParOldGen       total 80896K, used 38502K [0x00000000c0000000, 0x00000000c4f00000, 0x00000000eab00000)
  object space 80896K, 47% used [0x00000000c0000000,0x00000000c2599988,0x00000000c4f00000)
 Metaspace       used 34152K, capacity 35430K, committed 35496K, reserved 1079296K
  class space    used 4802K, capacity 5266K, committed 5288K, reserved 1048576K
}

Deoptimization events (10 events):
Event: 8.668 Thread 0x0000000059493000 Uncommon trap: reason=unreached action=reinterpret pc=0x000000000368b7c4 method=org.codehaus.groovy.util.ReferenceManager$2.afterReferenceCreation(Lorg/codehaus/groovy/util/Reference;)V @ 8
Event: 8.743 Thread 0x0000000059493000 Uncommon trap: reason=unreached action=reinterpret pc=0x00000000034d49c8 method=org.codehaus.groovy.util.ReferenceManager$2.afterReferenceCreation(Lorg/codehaus/groovy/util/Reference;)V @ 8
Event: 10.711 Thread 0x0000000059493000 Uncommon trap: reason=class_check action=maybe_recompile pc=0x00000000032d8edc method=java.util.regex.Matcher.search(I)Z @ 86
Event: 10.716 Thread 0x0000000059493000 Uncommon trap: reason=class_check action=maybe_recompile pc=0x00000000032d8edc method=java.util.regex.Matcher.search(I)Z @ 86
Event: 10.718 Thread 0x0000000059493000 Uncommon trap: reason=class_check action=maybe_recompile pc=0x00000000032d8edc method=java.util.regex.Matcher.search(I)Z @ 86
Event: 10.718 Thread 0x0000000059493000 Uncommon trap: reason=class_check action=maybe_recompile pc=0x00000000032d8edc method=java.util.regex.Matcher.search(I)Z @ 86
Event: 11.544 Thread 0x0000000059493000 Uncommon trap: reason=class_check action=maybe_recompile pc=0x000000000394024c method=java.lang.StringCoding$StringDecoder.decode([BII)[C @ 30
Event: 11.547 Thread 0x0000000059493000 Uncommon trap: reason=class_check action=maybe_recompile pc=0x000000000394024c method=java.lang.StringCoding$StringDecoder.decode([BII)[C @ 30
Event: 11.613 Thread 0x0000000059493000 Uncommon trap: reason=bimorphic action=maybe_recompile pc=0x0000000002ca178c method=org.codehaus.groovy.util.SingleKeyHashMap.get(Ljava/lang/Object;)Ljava/lang/Object; @ 1
Event: 11.614 Thread 0x0000000059493000 Uncommon trap: reason=bimorphic action=maybe_recompile pc=0x0000000002ca178c method=org.codehaus.groovy.util.SingleKeyHashMap.get(Ljava/lang/Object;)Ljava/lang/Object; @ 1

Internal exceptions (10 events):
Event: 11.602 Thread 0x0000000059493000 Exception <a 'java/security/PrivilegedActionException'> (0x00000000efab6698) thrown at [D:\re\workspace\8-2-build-windows-amd64-cygwin\jdk8u20\1074\hotspot\src\share\vm\prims\jvm.cpp, line 1275]
Event: 11.612 Thread 0x0000000059493000 Exception <a 'java/lang/ClassNotFoundException': groovy/runtime/metaclass/[Ljava/lang/Object;MetaClass> (0x00000000efaeab50) thrown at [D:\re\workspace\8-2-build-windows-amd64-cygwin\jdk8u20\1074\hotspot\src\share\vm\prims\jni.cpp, line 742]
Event: 11.612 Thread 0x0000000059493000 Exception <a 'java/lang/ClassNotFoundException': [Ljava/lang/Object;BeanInfo> (0x00000000efaef8d8) thrown at [D:\re\workspace\8-2-build-windows-amd64-cygwin\jdk8u20\1074\hotspot\src\share\vm\prims\jni.cpp, line 742]
Event: 11.612 Thread 0x0000000059493000 Exception <a 'java/lang/ClassNotFoundException': [Ljava/lang/Object;BeanInfo> (0x00000000efaeffa0) thrown at [D:\re\workspace\8-2-build-windows-amd64-cygwin\jdk8u20\1074\hotspot\src\share\vm\prims\jni.cpp, line 742]
Event: 11.612 Thread 0x0000000059493000 Exception <a 'java/lang/ClassNotFoundException': [Ljava/lang/Object;Customizer> (0x00000000efaf0840) thrown at [D:\re\workspace\8-2-build-windows-amd64-cygwin\jdk8u20\1074\hotspot\src\share\vm\prims\jni.cpp, line 742]
Event: 11.612 Thread 0x0000000059493000 Exception <a 'java/lang/ClassNotFoundException': [Ljava/lang/Object;Customizer> (0x00000000efaf0f10) thrown at [D:\re\workspace\8-2-build-windows-amd64-cygwin\jdk8u20\1074\hotspot\src\share\vm\prims\jni.cpp, line 742]
Event: 11.615 Thread 0x0000000059493000 Exception <a 'java/security/PrivilegedActionException'> (0x00000000efb06d28) thrown at [D:\re\workspace\8-2-build-windows-amd64-cygwin\jdk8u20\1074\hotspot\src\share\vm\prims\jvm.cpp, line 1275]
Event: 11.616 Thread 0x0000000059493000 Exception <a 'java/security/PrivilegedActionException'> (0x00000000efb0ca88) thrown at [D:\re\workspace\8-2-build-windows-amd64-cygwin\jdk8u20\1074\hotspot\src\share\vm\prims\jvm.cpp, line 1275]
Event: 11.616 Thread 0x0000000059493000 Exception <a 'java/security/PrivilegedActionException'> (0x00000000efb12ab8) thrown at [D:\re\workspace\8-2-build-windows-amd64-cygwin\jdk8u20\1074\hotspot\src\share\vm\prims\jvm.cpp, line 1275]
Event: 11.617 Thread 0x0000000059493000 Exception <a 'java/security/PrivilegedActionException'> (0x00000000efb18e58) thrown at [D:\re\workspace\8-2-build-windows-amd64-cygwin\jdk8u20\1074\hotspot\src\share\vm\prims\jvm.cpp, line 1275]

Events (10 events):
Event: 11.617 loading class com/android/utils/GrabProcessOutput$2
Event: 11.617 loading class com/android/utils/GrabProcessOutput$2 done
Event: 11.617 Thread 0x000000005dc00000 Thread added: 0x000000005dc00000
Event: 11.617 Thread 0x000000005dc02800 Thread added: 0x000000005dc02800
Event: 11.617 Executing VM operation: RevokeBias
Event: 11.618 Executing VM operation: RevokeBias done
Event: 11.618 Executing VM operation: RevokeBias
Event: 11.618 Executing VM operation: RevokeBias done
Event: 11.618 Executing VM operation: RevokeBias
Event: 11.618 Executing VM operation: RevokeBias done


Dynamic libraries:
0x000000013fc20000 - 0x000000013fc54000 	C:\Program Files\Java\jdk1.8.0_20\bin\java.exe
0x0000000076dc0000 - 0x0000000076f69000 	C:\Windows\SYSTEM32\ntdll.dll
0x0000000076ca0000 - 0x0000000076dbf000 	C:\Windows\system32\kernel32.dll
0x000007fefcec0000 - 0x000007fefcf2c000 	C:\Windows\system32\KERNELBASE.dll
0x000007fefd1d0000 - 0x000007fefd2ab000 	C:\Windows\system32\ADVAPI32.dll
0x000007fefd130000 - 0x000007fefd1cf000 	C:\Windows\system32\msvcrt.dll
0x000007fefead0000 - 0x000007fefeaef000 	C:\Windows\SYSTEM32\sechost.dll
0x000007fefeb60000 - 0x000007fefec8d000 	C:\Windows\system32\RPCRT4.dll
0x0000000076ba0000 - 0x0000000076c9a000 	C:\Windows\system32\USER32.dll
0x000007fefeaf0000 - 0x000007fefeb57000 	C:\Windows\system32\GDI32.dll
0x000007fefe620000 - 0x000007fefe62e000 	C:\Windows\system32\LPK.dll
0x000007feff000000 - 0x000007feff0c9000 	C:\Windows\system32\USP10.dll
0x000007fefbb90000 - 0x000007fefbd84000 	C:\Windows\WinSxS\amd64_microsoft.windows.common-controls_6595b64144ccf1df_6.0.7601.17514_none_fa396087175ac9ac\COMCTL32.dll
0x000007fefe750000 - 0x000007fefe7c1000 	C:\Windows\system32\SHLWAPI.dll
0x000007fefeaa0000 - 0x000007fefeace000 	C:\Windows\system32\IMM32.DLL
0x000007fefd020000 - 0x000007fefd129000 	C:\Windows\system32\MSCTF.dll
0x000007fefcaa0000 - 0x000007fefcae4000 	C:\Windows\system32\nvinitx.dll
0x0000000078fe0000 - 0x00000000790b2000 	C:\Program Files\Java\jdk1.8.0_20\jre\bin\msvcr100.dll
0x00000000619a0000 - 0x00000000621f8000 	C:\Program Files\Java\jdk1.8.0_20\jre\bin\server\jvm.dll
0x000007fef6e70000 - 0x000007fef6e79000 	C:\Windows\system32\WSOCK32.dll
0x000007fefe7d0000 - 0x000007fefe81d000 	C:\Windows\system32\WS2_32.dll
0x000007fefea90000 - 0x000007fefea98000 	C:\Windows\system32\NSI.dll
0x000007fef9510000 - 0x000007fef954b000 	C:\Windows\system32\WINMM.dll
0x0000000076f90000 - 0x0000000076f97000 	C:\Windows\system32\PSAPI.DLL
0x00000000743d0000 - 0x00000000743df000 	C:\Program Files\Java\jdk1.8.0_20\jre\bin\verify.dll
0x0000000074260000 - 0x0000000074288000 	C:\Program Files\Java\jdk1.8.0_20\jre\bin\java.dll
0x00000000743b0000 - 0x00000000743c6000 	C:\Program Files\Java\jdk1.8.0_20\jre\bin\zip.dll
0x000007fefd2d0000 - 0x000007fefe058000 	C:\Windows\system32\SHELL32.dll
0x000007fefe880000 - 0x000007fefea83000 	C:\Windows\system32\ole32.dll
0x000007fefcb80000 - 0x000007fefcb8f000 	C:\Windows\system32\profapi.dll
0x000007fefc330000 - 0x000007fefc347000 	C:\Windows\system32\CRYPTSP.dll
0x000007fefc030000 - 0x000007fefc077000 	C:\Windows\system32\rsaenh.dll
0x000007fefce90000 - 0x000007fefceae000 	C:\Windows\system32\USERENV.dll
0x000007fefc9d0000 - 0x000007fefc9df000 	C:\Windows\system32\CRYPTBASE.dll
0x00000000741f0000 - 0x000000007420a000 	C:\Program Files\Java\jdk1.8.0_20\jre\bin\net.dll
0x000007fefc2d0000 - 0x000007fefc325000 	C:\Windows\system32\mswsock.dll
0x000007fefc2c0000 - 0x000007fefc2c7000 	C:\Windows\System32\wship6.dll
0x000007fef8760000 - 0x000007fef8787000 	C:\Windows\system32\IPHLPAPI.DLL
0x000007fef8750000 - 0x000007fef875b000 	C:\Windows\system32\WINNSI.DLL
0x000007fef8540000 - 0x000007fef8558000 	C:\Windows\system32\dhcpcsvc.DLL
0x000007fef8520000 - 0x000007fef8531000 	C:\Windows\system32\dhcpcsvc6.DLL
0x00000000741d0000 - 0x00000000741e1000 	C:\Program Files\Java\jdk1.8.0_20\jre\bin\nio.dll
0x000007fef9060000 - 0x000007fef9072000 	C:\Users\Taylor\AppData\Local\Temp\native-platform3483431814450923627dir\native-platform.dll
0x000007fefc930000 - 0x000007fefc987000 	C:\Windows\system32\apphelp.dll
0x000007fef9180000 - 0x000007fef92a5000 	C:\Windows\system32\dbghelp.dll

VM Arguments:
jvm_args: -XX:MaxPermSize=256m -XX:+HeapDumpOnOutOfMemoryError -Xmx1024m -Dfile.encoding=windows-1252 -Duser.country=US -Duser.language=en -Duser.variant 
java_command: org.gradle.launcher.daemon.bootstrap.GradleDaemon 2.1 C:\Users\Taylor\.gradle\daemon 10800000 e1d158d7-c2f9-43da-a365-1466ce71390f -XX:MaxPermSize=256m -XX:+HeapDumpOnOutOfMemoryError -Xmx1024m -Dfile.encoding=windows-1252 -Duser.country=US -Duser.language=en -Duser.variant
java_class_path (initial): C:\Users\Taylor\.gradle\wrapper\dists\gradle-2.1-all\27drb4udbjf4k88eh2ffdc0n55\gradle-2.1\lib\gradle-launcher-2.1.jar
Launcher Type: SUN_STANDARD

Environment Variables:
JAVA_HOME=C:\Program Files\Java\jdk1.8.0_20
PATH=C:\ProgramData\Oracle\Java\javapath;C:\Program Files\Python\;C:\Program Files (x86)\NVIDIA Corporation\PhysX\Common;C:\Program Files (x86)\Intel\iCLS Client\;C:\Program Files\Intel\iCLS Client\;C:\Windows\system32;C:\Windows;C:\Windows\System32\Wbem;C:\Windows\System32\WindowsPowerShell\v1.0\;C:\Program Files\Intel\WiFi\bin\;C:\Program Files\Common Files\Intel\WirelessCommon\;C:\Program Files\Intel\Intel(R) Management Engine Components\DAL;C:\Program Files\Intel\Intel(R) Management Engine Components\IPT;C:\Program Files (x86)\Intel\Intel(R) Management Engine Components\DAL;C:\Program Files (x86)\Intel\Intel(R) Management Engine Components\IPT;C:\Program Files (x86)\Intel\OpenCL SDK\1.5\bin\x86;C:\Program Files (x86)\Intel\OpenCL SDK\1.5\bin\x64;C:\Program Files (x86)\QuickTime\QTSystem\;C:\Program Files\nodejs\;C:\Program Files\Lenovo\Bluetooth Software\;C:\Program Files\Lenovo\Bluetooth Software\syswow64;;C:\Program Files (x86)\PharosSystems\Core;C:\Program Files (x86)\PharosSystems\Core;C:\RailsInstaller\Git\cmd;C:\RailsInstaller\Ruby1.9.3\bin;C:\Program Files\Intel\WiFi\bin\;C:\Program Files\Common Files\Intel\WirelessCommon\;C:\Users\Taylor\AppData\Roaming\npm
USERNAME=Taylor
OS=Windows_NT
PROCESSOR_IDENTIFIER=Intel64 Family 6 Model 58 Stepping 9, GenuineIntel



---------------  S Y S T E M  ---------------

OS: Windows 7 , 64 bit Build 7601 Service Pack 1

CPU:total 8 (4 cores per cpu, 2 threads per core) family 6 model 58 stepping 9, cmov, cx8, fxsr, mmx, sse, sse2, sse3, ssse3, sse4.1, sse4.2, popcnt, avx, aes, clmul, erms, ht, tsc, tscinvbit, tscinv

Memory: 4k page, physical 6191468k(272744k free), swap 18415352k(5120k free)

vm_info: Java HotSpot(TM) 64-Bit Server VM (25.20-b23) for windows-amd64 JRE (1.8.0_20-b26), built on Jul 30 2014 13:51:23 by "java_re" with MS VC++ 10.0 (VS2010)

time: Sun Nov 30 18:52:27 2014
elapsed time: 11 seconds (0d 0h 0m 11s)

